<?xml version="1.0" encoding="UTF-8"?>
<testsuites>
  <testsuite name="Amazon\Dax\Tests\Unit\Encoder\DaxEncoderTest" file="/Users/danjohansson/code/amazon-dax/tests/Unit/Encoder/DaxEncoderTest.php" tests="26" assertions="41" errors="5" failures="2" skipped="0" time="0.032636">
    <testcase name="testEncodeRequestWithSimpleArray" file="/Users/danjohansson/code/amazon-dax/tests/Unit/Encoder/DaxEncoderTest.php" line="33" class="Amazon\Dax\Tests\Unit\Encoder\DaxEncoderTest" classname="Amazon.Dax.Tests.Unit.Encoder.DaxEncoderTest" assertions="4" time="0.006218"/>
    <testcase name="testEncodeRequestThrowsExceptionOnError" file="/Users/danjohansson/code/amazon-dax/tests/Unit/Encoder/DaxEncoderTest.php" line="52" class="Amazon\Dax\Tests\Unit\Encoder\DaxEncoderTest" classname="Amazon.Dax.Tests.Unit.Encoder.DaxEncoderTest" assertions="2" time="0.010429"/>
    <testcase name="testArrayToCborObjectWithString" file="/Users/danjohansson/code/amazon-dax/tests/Unit/Encoder/DaxEncoderTest.php" line="68" class="Amazon\Dax\Tests\Unit\Encoder\DaxEncoderTest" classname="Amazon.Dax.Tests.Unit.Encoder.DaxEncoderTest" assertions="2" time="0.000401"/>
    <testcase name="testArrayToCborObjectWithPositiveInteger" file="/Users/danjohansson/code/amazon-dax/tests/Unit/Encoder/DaxEncoderTest.php" line="76" class="Amazon\Dax\Tests\Unit\Encoder\DaxEncoderTest" classname="Amazon.Dax.Tests.Unit.Encoder.DaxEncoderTest" assertions="2" time="0.002678"/>
    <testcase name="testArrayToCborObjectWithNegativeInteger" file="/Users/danjohansson/code/amazon-dax/tests/Unit/Encoder/DaxEncoderTest.php" line="84" class="Amazon\Dax\Tests\Unit\Encoder\DaxEncoderTest" classname="Amazon.Dax.Tests.Unit.Encoder.DaxEncoderTest" assertions="2" time="0.000719"/>
    <testcase name="testArrayToCborObjectWithZero" file="/Users/danjohansson/code/amazon-dax/tests/Unit/Encoder/DaxEncoderTest.php" line="92" class="Amazon\Dax\Tests\Unit\Encoder\DaxEncoderTest" classname="Amazon.Dax.Tests.Unit.Encoder.DaxEncoderTest" assertions="2" time="0.000108"/>
    <testcase name="testArrayToCborObjectWithTrue" file="/Users/danjohansson/code/amazon-dax/tests/Unit/Encoder/DaxEncoderTest.php" line="100" class="Amazon\Dax\Tests\Unit\Encoder\DaxEncoderTest" classname="Amazon.Dax.Tests.Unit.Encoder.DaxEncoderTest" assertions="1" time="0.000649"/>
    <testcase name="testArrayToCborObjectWithFalse" file="/Users/danjohansson/code/amazon-dax/tests/Unit/Encoder/DaxEncoderTest.php" line="107" class="Amazon\Dax\Tests\Unit\Encoder\DaxEncoderTest" classname="Amazon.Dax.Tests.Unit.Encoder.DaxEncoderTest" assertions="1" time="0.000236"/>
    <testcase name="testArrayToCborObjectWithNull" file="/Users/danjohansson/code/amazon-dax/tests/Unit/Encoder/DaxEncoderTest.php" line="114" class="Amazon\Dax\Tests\Unit\Encoder\DaxEncoderTest" classname="Amazon.Dax.Tests.Unit.Encoder.DaxEncoderTest" assertions="1" time="0.000250"/>
    <testcase name="testArrayToCborObjectWithFloat" file="/Users/danjohansson/code/amazon-dax/tests/Unit/Encoder/DaxEncoderTest.php" line="121" class="Amazon\Dax\Tests\Unit\Encoder\DaxEncoderTest" classname="Amazon.Dax.Tests.Unit.Encoder.DaxEncoderTest" assertions="2" time="0.000106"/>
    <testcase name="testArrayToCborObjectWithIndexedArray" file="/Users/danjohansson/code/amazon-dax/tests/Unit/Encoder/DaxEncoderTest.php" line="129" class="Amazon\Dax\Tests\Unit\Encoder\DaxEncoderTest" classname="Amazon.Dax.Tests.Unit.Encoder.DaxEncoderTest" assertions="4" time="0.000414"/>
    <testcase name="testArrayToCborObjectWithAssociativeArray" file="/Users/danjohansson/code/amazon-dax/tests/Unit/Encoder/DaxEncoderTest.php" line="147" class="Amazon\Dax\Tests\Unit\Encoder\DaxEncoderTest" classname="Amazon.Dax.Tests.Unit.Encoder.DaxEncoderTest" assertions="2" time="0.000116"/>
    <testcase name="testArrayToCborObjectWithEmptyArray" file="/Users/danjohansson/code/amazon-dax/tests/Unit/Encoder/DaxEncoderTest.php" line="165" class="Amazon\Dax\Tests\Unit\Encoder\DaxEncoderTest" classname="Amazon.Dax.Tests.Unit.Encoder.DaxEncoderTest" assertions="1" time="0.006925">
      <failure type="PHPUnit\Framework\ExpectationFailedException">Amazon\Dax\Tests\Unit\Encoder\DaxEncoderTest::testArrayToCborObjectWithEmptyArray
Failed asserting that an object is an instance of class CBOR\ListObject.

/Users/danjohansson/code/amazon-dax/tests/Unit/Encoder/DaxEncoderTest.php:169</failure>
    </testcase>
    <testcase name="testArrayToCborObjectWithNestedArray" file="/Users/danjohansson/code/amazon-dax/tests/Unit/Encoder/DaxEncoderTest.php" line="178" class="Amazon\Dax\Tests\Unit\Encoder\DaxEncoderTest" classname="Amazon.Dax.Tests.Unit.Encoder.DaxEncoderTest" assertions="1" time="0.000120"/>
    <testcase name="testArrayToCborObjectWithStringSet" file="/Users/danjohansson/code/amazon-dax/tests/Unit/Encoder/DaxEncoderTest.php" line="191" class="Amazon\Dax\Tests\Unit\Encoder\DaxEncoderTest" classname="Amazon.Dax.Tests.Unit.Encoder.DaxEncoderTest" assertions="1" time="0.001308">
      <error type="Error">Amazon\Dax\Tests\Unit\Encoder\DaxEncoderTest::testArrayToCborObjectWithStringSet
Error: Call to undefined method CBOR\Tag\GenericTag::getTag()

/Users/danjohansson/code/amazon-dax/tests/Unit/Encoder/DaxEncoderTest.php:197</error>
    </testcase>
    <testcase name="testArrayToCborObjectWithNumberSet" file="/Users/danjohansson/code/amazon-dax/tests/Unit/Encoder/DaxEncoderTest.php" line="200" class="Amazon\Dax\Tests\Unit\Encoder\DaxEncoderTest" classname="Amazon.Dax.Tests.Unit.Encoder.DaxEncoderTest" assertions="1" time="0.000269">
      <error type="Error">Amazon\Dax\Tests\Unit\Encoder\DaxEncoderTest::testArrayToCborObjectWithNumberSet
Error: Call to undefined method CBOR\Tag\GenericTag::getTag()

/Users/danjohansson/code/amazon-dax/tests/Unit/Encoder/DaxEncoderTest.php:206</error>
    </testcase>
    <testcase name="testArrayToCborObjectWithBinarySet" file="/Users/danjohansson/code/amazon-dax/tests/Unit/Encoder/DaxEncoderTest.php" line="209" class="Amazon\Dax\Tests\Unit\Encoder\DaxEncoderTest" classname="Amazon.Dax.Tests.Unit.Encoder.DaxEncoderTest" assertions="1" time="0.000219">
      <error type="Error">Amazon\Dax\Tests\Unit\Encoder\DaxEncoderTest::testArrayToCborObjectWithBinarySet
Error: Call to undefined method CBOR\Tag\GenericTag::getTag()

/Users/danjohansson/code/amazon-dax/tests/Unit/Encoder/DaxEncoderTest.php:215</error>
    </testcase>
    <testcase name="testArrayToCborObjectWithUnknownSetType" file="/Users/danjohansson/code/amazon-dax/tests/Unit/Encoder/DaxEncoderTest.php" line="218" class="Amazon\Dax\Tests\Unit\Encoder\DaxEncoderTest" classname="Amazon.Dax.Tests.Unit.Encoder.DaxEncoderTest" assertions="1" time="0.000261">
      <failure type="PHPUnit\Framework\ExpectationFailedException">Amazon\Dax\Tests\Unit\Encoder\DaxEncoderTest::testArrayToCborObjectWithUnknownSetType
Failed asserting that exception of type "Amazon\Dax\Exception\DaxException" is thrown.</failure>
    </testcase>
    <testcase name="testArrayToCborObjectWithNonSetSingleKeyArray" file="/Users/danjohansson/code/amazon-dax/tests/Unit/Encoder/DaxEncoderTest.php" line="227" class="Amazon\Dax\Tests\Unit\Encoder\DaxEncoderTest" classname="Amazon.Dax.Tests.Unit.Encoder.DaxEncoderTest" assertions="1" time="0.000094"/>
    <testcase name="testArrayToCborObjectWithMultipleKeysArray" file="/Users/danjohansson/code/amazon-dax/tests/Unit/Encoder/DaxEncoderTest.php" line="236" class="Amazon\Dax\Tests\Unit\Encoder\DaxEncoderTest" classname="Amazon.Dax.Tests.Unit.Encoder.DaxEncoderTest" assertions="1" time="0.000091"/>
    <testcase name="testArrayToCborObjectWithResource" file="/Users/danjohansson/code/amazon-dax/tests/Unit/Encoder/DaxEncoderTest.php" line="245" class="Amazon\Dax\Tests\Unit\Encoder\DaxEncoderTest" classname="Amazon.Dax.Tests.Unit.Encoder.DaxEncoderTest" assertions="1" time="0.000082"/>
    <testcase name="testArrayToCborObjectWithObject" file="/Users/danjohansson/code/amazon-dax/tests/Unit/Encoder/DaxEncoderTest.php" line="255" class="Amazon\Dax\Tests\Unit\Encoder\DaxEncoderTest" classname="Amazon.Dax.Tests.Unit.Encoder.DaxEncoderTest" assertions="0" time="0.000226">
      <error type="Error">Amazon\Dax\Tests\Unit\Encoder\DaxEncoderTest::testArrayToCborObjectWithObject
Error: Object of class stdClass could not be converted to string

/Users/danjohansson/code/amazon-dax/src/Encoder/DaxEncoder.php:98
/Users/danjohansson/code/amazon-dax/tests/Unit/Encoder/DaxEncoderTest.php:260</error>
    </testcase>
    <testcase name="testDetermineTagComponentsWithSmallTag" file="/Users/danjohansson/code/amazon-dax/tests/Unit/Encoder/DaxEncoderTest.php" line="269" class="Amazon\Dax\Tests\Unit\Encoder\DaxEncoderTest" classname="Amazon.Dax.Tests.Unit.Encoder.DaxEncoderTest" assertions="1" time="0.000369">
      <error type="Error">Amazon\Dax\Tests\Unit\Encoder\DaxEncoderTest::testDetermineTagComponentsWithSmallTag
Error: Call to undefined method CBOR\Tag\GenericTag::getTag()

/Users/danjohansson/code/amazon-dax/tests/Unit/Encoder/DaxEncoderTest.php:276</error>
    </testcase>
    <testcase name="testDetermineTagComponentsWithLargeTag" file="/Users/danjohansson/code/amazon-dax/tests/Unit/Encoder/DaxEncoderTest.php" line="279" class="Amazon\Dax\Tests\Unit\Encoder\DaxEncoderTest" classname="Amazon.Dax.Tests.Unit.Encoder.DaxEncoderTest" assertions="1" time="0.000104"/>
    <testcase name="testComplexNestedStructure" file="/Users/danjohansson/code/amazon-dax/tests/Unit/Encoder/DaxEncoderTest.php" line="289" class="Amazon\Dax\Tests\Unit\Encoder\DaxEncoderTest" classname="Amazon.Dax.Tests.Unit.Encoder.DaxEncoderTest" assertions="1" time="0.000125"/>
    <testcase name="testEncodeRequestWithComplexData" file="/Users/danjohansson/code/amazon-dax/tests/Unit/Encoder/DaxEncoderTest.php" line="316" class="Amazon\Dax\Tests\Unit\Encoder\DaxEncoderTest" classname="Amazon.Dax.Tests.Unit.Encoder.DaxEncoderTest" assertions="4" time="0.000120"/>
  </testsuite>
</testsuites>
